<?xml version="1.0" encoding="UTF-8"?>
<!-- Generated by org.testng.reporters.JUnitReportReporter -->
<testsuite hostname="Mohasin" failures="0" tests="3" name="LearnningTestNG.DescriptionFlag" time="0.015" errors="0" timestamp="05 Apr 2024 10:13:26 GMT" skipped="0">
  <testcase classname="LearnningTestNG.DescriptionFlag" name="login" time="0.009"/>
  <testcase classname="LearnningTestNG.DescriptionFlag" name="addToCart" time="0.003"/>
  <testcase classname="LearnningTestNG.DescriptionFlag" name="logout" time="0.003"/>
</testsuite> <!-- LearnningTestNG.DescriptionFlag -->
