<?xml version="1.0" encoding="UTF-8"?>
<!-- Generated by org.testng.reporters.JUnitReportReporter -->
<testsuite hostname="Mohasin" failures="0" tests="5" name="TestNGExecution.ToUnderstandDataProvider" time="41.198" errors="0" timestamp="05 Apr 2024 10:26:04 GMT" skipped="0">
  <testcase classname="TestNGExecution.ToUnderstandDataProvider" name="loginMethod" time="8.116"/>
  <testcase classname="TestNGExecution.ToUnderstandDataProvider" name="loginMethod" time="8.414"/>
  <testcase classname="TestNGExecution.ToUnderstandDataProvider" name="loginMethod" time="7.975"/>
  <testcase classname="TestNGExecution.ToUnderstandDataProvider" name="loginMethod" time="8.531"/>
  <testcase classname="TestNGExecution.ToUnderstandDataProvider" name="loginMethod" time="8.162"/>
</testsuite> <!-- TestNGExecution.ToUnderstandDataProvider -->
