<?xml version="1.0" encoding="UTF-8"?>
<!-- Generated by org.testng.reporters.JUnitReportReporter -->
<testsuite hostname="Mohasin" failures="0" tests="3" name="LearnningTestNG.PriorityFlag" time="0.012" errors="0" timestamp="12 Mar 2024 13:32:50 GMT" skipped="0">
  <testcase classname="LearnningTestNG.PriorityFlag" name="login" time="0.010"/>
  <testcase classname="LearnningTestNG.PriorityFlag" name="logout" time="0.002"/>
  <testcase classname="LearnningTestNG.PriorityFlag" name="addToCart" time="0.000"/>
</testsuite> <!-- LearnningTestNG.PriorityFlag -->
