<?xml version="1.0" encoding="UTF-8"?>
<!-- Generated by org.testng.reporters.JUnitReportReporter -->
<testsuite hostname="Mohasin" failures="0" tests="1" name="TestNGExecution.demo3" time="13.688" errors="0" timestamp="14 Mar 2024 13:39:37 GMT" skipped="0">
  <testcase classname="TestNGExecution.demo3" name="demo" time="13.688"/>
</testsuite> <!-- TestNGExecution.demo3 -->
