<?xml version="1.0" encoding="UTF-8"?>
<!-- Generated by org.testng.reporters.JUnitReportReporter -->
<testsuite hostname="Mohasin" failures="0" tests="2" name="LearnningTestNG.Annotations" time="0.014" errors="0" timestamp="05 Apr 2024 10:18:24 GMT" skipped="0">
  <testcase classname="LearnningTestNG.Annotations" name="test1" time="0.010"/>
  <testcase classname="LearnningTestNG.Annotations" name="test2" time="0.004"/>
</testsuite> <!-- LearnningTestNG.Annotations -->
