<?xml version="1.0" encoding="UTF-8"?>
<!-- Generated by org.testng.reporters.JUnitReportReporter -->
<testsuite hostname="Mohasin" failures="0" tests="3" name="LearnningTestNG.PriorityFlag" time="0.013" errors="0" timestamp="05 Apr 2024 10:09:47 GMT" skipped="0">
  <testcase classname="LearnningTestNG.PriorityFlag" name="login" time="0.008"/>
  <testcase classname="LearnningTestNG.PriorityFlag" name="logout" time="0.003"/>
  <testcase classname="LearnningTestNG.PriorityFlag" name="addToCart" time="0.002"/>
</testsuite> <!-- LearnningTestNG.PriorityFlag -->
