<?xml version="1.0" encoding="UTF-8"?>
<!-- Generated by org.testng.reporters.JUnitReportReporter -->
<testsuite hostname="Mohasin" failures="0" tests="1" name="TestNGExecution.demo1" time="12.509" errors="0" timestamp="15 Mar 2024 13:27:02 GMT" skipped="0">
  <testcase classname="TestNGExecution.demo1" name="demo" time="12.509"/>
</testsuite> <!-- TestNGExecution.demo1 -->
