<?xml version="1.0" encoding="UTF-8"?>
<!-- Generated by org.testng.reporters.JUnitReportReporter -->
<testsuite hostname="Mohasin" failures="0" tests="3" name="LearnningTestNG.EnabledFlag" time="0.017" errors="0" timestamp="12 Mar 2024 13:58:13 GMT" skipped="1">
  <testcase classname="LearnningTestNG.EnabledFlag" name="login" time="0.008"/>
  <testcase classname="LearnningTestNG.EnabledFlag" name="logout" time="0.009"/>
  <testcase classname="LearnningTestNG.EnabledFlag" name="addToCart">
    <skipped/>
  </testcase> <!-- addToCart -->
</testsuite> <!-- LearnningTestNG.EnabledFlag -->
