<?xml version="1.0" encoding="UTF-8"?>
<!-- Generated by org.testng.reporters.JUnitReportReporter -->
<testsuite hostname="Mohasin" failures="0" tests="9" name="LearnningTestNG.InvocationCountFlag" time="0.034" errors="0" timestamp="12 Mar 2024 14:02:00 GMT" skipped="0">
  <testcase classname="LearnningTestNG.InvocationCountFlag" name="login" time="0.008"/>
  <testcase classname="LearnningTestNG.InvocationCountFlag" name="addToCart" time="0.002"/>
  <testcase classname="LearnningTestNG.InvocationCountFlag" name="addToCart" time="0.003"/>
  <testcase classname="LearnningTestNG.InvocationCountFlag" name="addToCart" time="0.002"/>
  <testcase classname="LearnningTestNG.InvocationCountFlag" name="addToCart" time="0.001"/>
  <testcase classname="LearnningTestNG.InvocationCountFlag" name="addToCart" time="0.004"/>
  <testcase classname="LearnningTestNG.InvocationCountFlag" name="logout" time="0.001"/>
  <testcase classname="LearnningTestNG.InvocationCountFlag" name="logout" time="0.003"/>
  <testcase classname="LearnningTestNG.InvocationCountFlag" name="logout" time="0.010"/>
</testsuite> <!-- LearnningTestNG.InvocationCountFlag -->
