<?xml version="1.0" encoding="UTF-8"?>
<!-- Generated by org.testng.reporters.JUnitReportReporter -->
<testsuite hostname="Mohasin" failures="0" tests="2" name="LearnningTestNG.Annotations" time="0.017" errors="0" timestamp="13 Mar 2024 13:51:15 GMT" skipped="0">
  <testcase classname="LearnningTestNG.Annotations" name="test1" time="0.008"/>
  <testcase classname="LearnningTestNG.Annotations" name="test2" time="0.009"/>
</testsuite> <!-- LearnningTestNG.Annotations -->
