<?xml version="1.0" encoding="UTF-8"?>
<!-- Generated by org.testng.reporters.JUnitReportReporter -->
<testsuite hostname="Mohasin" failures="0" tests="3" name="LearnningTestNG.EnabledFlag" time="0.011" errors="0" timestamp="05 Apr 2024 10:12:54 GMT" skipped="1">
  <testcase classname="LearnningTestNG.EnabledFlag" name="login" time="0.009"/>
  <testcase classname="LearnningTestNG.EnabledFlag" name="logout" time="0.002"/>
  <testcase classname="LearnningTestNG.EnabledFlag" name="addToCart">
    <skipped/>
  </testcase> <!-- addToCart -->
</testsuite> <!-- LearnningTestNG.EnabledFlag -->
