<?xml version="1.0" encoding="UTF-8"?>
<!-- Generated by org.testng.reporters.JUnitReportReporter -->
<testsuite hostname="Mohasin" failures="0" tests="3" name="TestNGExecution.Parameterization" time="18.987" errors="0" timestamp="09 Apr 2024 06:08:18 GMT" skipped="0">
  <testcase classname="TestNGExecution.Parameterization" name="validLogin" time="5.176"/>
  <testcase classname="TestNGExecution.Parameterization" name="validLogin" time="6.929"/>
  <testcase classname="TestNGExecution.Parameterization" name="validLogin" time="6.882"/>
</testsuite> <!-- TestNGExecution.Parameterization -->
