<?xml version="1.0" encoding="UTF-8"?>
<!-- Generated by org.testng.reporters.JUnitReportReporter -->
<testsuite hostname="Mohasin" failures="0" tests="3" name="LearnningTestNG.DependsOnMethod" time="0.016" errors="0" timestamp="05 Apr 2024 10:15:07 GMT" skipped="0">
  <testcase classname="LearnningTestNG.DependsOnMethod" name="logout" time="0.004"/>
  <testcase classname="LearnningTestNG.DependsOnMethod" name="login" time="0.008"/>
  <testcase classname="LearnningTestNG.DependsOnMethod" name="addToCart" time="0.004"/>
</testsuite> <!-- LearnningTestNG.DependsOnMethod -->
