<?xml version="1.0" encoding="UTF-8"?>
<!-- Generated by org.testng.reporters.JUnitReportReporter -->
<testsuite hostname="Mohasin" failures="0" tests="1" name="TestNGExecution.TestNGAssertion" time="7.810" errors="0" timestamp="21 Mar 2024 15:43:20 GMT" skipped="0">
  <testcase classname="TestNGExecution.TestNGAssertion" name="loginMethod" time="7.810"/>
</testsuite> <!-- TestNGExecution.TestNGAssertion -->
