<?xml version="1.0" encoding="UTF-8"?>
<!-- Generated by org.testng.reporters.JUnitReportReporter -->
<testsuite hostname="Mohasin" failures="0" tests="5" name="LearnningTestNG.DataProviderByExcel" time="40.950" errors="0" timestamp="15 Mar 2024 14:50:41 GMT" skipped="0">
  <testcase classname="LearnningTestNG.DataProviderByExcel" name="invalidLogin" time="7.701"/>
  <testcase classname="LearnningTestNG.DataProviderByExcel" name="invalidLogin" time="9.546"/>
  <testcase classname="LearnningTestNG.DataProviderByExcel" name="invalidLogin" time="7.838"/>
  <testcase classname="LearnningTestNG.DataProviderByExcel" name="invalidLogin" time="7.946"/>
  <testcase classname="LearnningTestNG.DataProviderByExcel" name="invalidLogin" time="7.919"/>
</testsuite> <!-- LearnningTestNG.DataProviderByExcel -->
