<?xml version="1.0" encoding="UTF-8"?>
<!-- Generated by org.testng.reporters.JUnitReportReporter -->
<testsuite hostname="Mohasin" failures="0" tests="1" name="TestNGExecution.ActiTimeSoftAssert" time="2.194" errors="0" timestamp="21 Mar 2024 15:39:54 GMT" skipped="0">
  <testcase classname="TestNGExecution.ActiTimeSoftAssert" name="loginMethod" time="2.194"/>
</testsuite> <!-- TestNGExecution.ActiTimeSoftAssert -->
