<?xml version="1.0" encoding="UTF-8"?>
<!-- Generated by org.testng.reporters.JUnitReportReporter -->
<testsuite hostname="Mohasin" failures="0" tests="3" name="LearnningTestNG.FirstTestNGClass" time="0.011" errors="0" timestamp="11 Mar 2024 14:33:59 GMT" skipped="0">
  <testcase classname="LearnningTestNG.FirstTestNGClass" name="login" time="0.008"/>
  <testcase classname="LearnningTestNG.FirstTestNGClass" name="addToCart" time="0.001"/>
  <testcase classname="LearnningTestNG.FirstTestNGClass" name="logout" time="0.002"/>
</testsuite> <!-- LearnningTestNG.FirstTestNGClass -->
