<?xml version="1.0" encoding="UTF-8"?>
<!-- Generated by org.testng.reporters.JUnitReportReporter -->
<testsuite hostname="Mohasin" failures="0" tests="9" name="LearnningTestNG.InvocationCountFlag" time="0.022" errors="0" timestamp="05 Apr 2024 10:12:01 GMT" skipped="0">
  <testcase classname="LearnningTestNG.InvocationCountFlag" name="login" time="0.008"/>
  <testcase classname="LearnningTestNG.InvocationCountFlag" name="addToCart" time="0.001"/>
  <testcase classname="LearnningTestNG.InvocationCountFlag" name="addToCart" time="0.002"/>
  <testcase classname="LearnningTestNG.InvocationCountFlag" name="addToCart" time="0.001"/>
  <testcase classname="LearnningTestNG.InvocationCountFlag" name="addToCart" time="0.004"/>
  <testcase classname="LearnningTestNG.InvocationCountFlag" name="addToCart" time="0.001"/>
  <testcase classname="LearnningTestNG.InvocationCountFlag" name="logout" time="0.001"/>
  <testcase classname="LearnningTestNG.InvocationCountFlag" name="logout" time="0.002"/>
  <testcase classname="LearnningTestNG.InvocationCountFlag" name="logout" time="0.002"/>
</testsuite> <!-- LearnningTestNG.InvocationCountFlag -->
