<?xml version="1.0" encoding="UTF-8"?>
<!-- Generated by org.testng.reporters.JUnitReportReporter -->
<testsuite hostname="Mohasin" failures="0" tests="2" name="TestNGExecution.Parameterization" time="14.122" errors="0" timestamp="14 Mar 2024 14:36:35 GMT" skipped="0">
  <testcase classname="TestNGExecution.Parameterization" name="validLogin" time="5.633"/>
  <testcase classname="TestNGExecution.Parameterization" name="validLogin" time="8.489"/>
</testsuite> <!-- TestNGExecution.Parameterization -->
