<?xml version="1.0" encoding="UTF-8"?>
<!-- Generated by org.testng.reporters.JUnitReportReporter -->
<testsuite hostname="Mohasin" failures="0" tests="1" name="TestNGExecution.demo3" time="7.689" errors="0" timestamp="13 Mar 2024 14:44:36 GMT" skipped="0">
  <testcase classname="TestNGExecution.demo3" name="demo" time="7.689"/>
</testsuite> <!-- TestNGExecution.demo3 -->
