<?xml version="1.0" encoding="UTF-8"?>
<!-- Generated by org.testng.reporters.JUnitReportReporter -->
<testsuite hostname="Mohasin" failures="0" tests="3" name="LearnningTestNG.DependsOnMethod" time="0.012" errors="0" timestamp="12 Mar 2024 14:08:06 GMT" skipped="0">
  <testcase classname="LearnningTestNG.DependsOnMethod" name="logout" time="0.001"/>
  <testcase classname="LearnningTestNG.DependsOnMethod" name="login" time="0.008"/>
  <testcase classname="LearnningTestNG.DependsOnMethod" name="addToCart" time="0.003"/>
</testsuite> <!-- LearnningTestNG.DependsOnMethod -->
