<?xml version="1.0" encoding="UTF-8"?>
<!-- Generated by org.testng.reporters.JUnitReportReporter -->
<testsuite hostname="Mohasin" failures="0" tests="3" name="LearnningTestNG.DescriptionFlag" time="0.015" errors="0" timestamp="12 Mar 2024 13:52:19 GMT" skipped="0">
  <testcase classname="LearnningTestNG.DescriptionFlag" name="login" time="0.010"/>
  <testcase classname="LearnningTestNG.DescriptionFlag" name="addToCart" time="0.002"/>
  <testcase classname="LearnningTestNG.DescriptionFlag" name="logout" time="0.003"/>
</testsuite> <!-- LearnningTestNG.DescriptionFlag -->
