<?xml version="1.0" encoding="UTF-8"?>
<!-- Generated by org.testng.reporters.JUnitReportReporter -->
<testsuite hostname="Mohasin" failures="0" tests="1" name="TestNGExecution.demo3" time="10.412" errors="0" timestamp="05 Apr 2024 12:21:46 GMT" skipped="0">
  <testcase classname="TestNGExecution.demo3" name="demo" time="10.412"/>
</testsuite> <!-- TestNGExecution.demo3 -->
