<?xml version="1.0" encoding="UTF-8"?>
<!-- Generated by org.testng.reporters.JUnitReportReporter -->
<testsuite hostname="Mohasin" failures="0" tests="1" name="TestNGExecution.demo1" time="14.233" errors="0" timestamp="13 Mar 2024 14:44:36 GMT" skipped="0">
  <testcase classname="TestNGExecution.demo1" name="demo" time="14.233"/>
</testsuite> <!-- TestNGExecution.demo1 -->
