<?xml version="1.0" encoding="UTF-8"?>
<!-- Generated by org.testng.reporters.JUnitReportReporter -->
<testsuite hostname="Mohasin" failures="0" tests="1" name="TestNGExecution.ActiTimeSoftAssert" time="3.128" errors="0" timestamp="10 Apr 2024 06:30:53 GMT" skipped="0">
  <testcase classname="TestNGExecution.ActiTimeSoftAssert" name="loginMethod" time="3.128"/>
</testsuite> <!-- TestNGExecution.ActiTimeSoftAssert -->
