<?xml version="1.0" encoding="UTF-8"?>
<!-- Generated by org.testng.reporters.JUnitReportReporter -->
<testsuite hostname="Mohasin" failures="0" tests="1" name="TestNGExecution.demo2" time="7.771" errors="0" timestamp="15 Mar 2024 13:27:02 GMT" skipped="0">
  <testcase classname="TestNGExecution.demo2" name="demo" time="7.771"/>
</testsuite> <!-- TestNGExecution.demo2 -->
