<?xml version="1.0" encoding="UTF-8"?>
<!-- Generated by org.testng.reporters.JUnitReportReporter -->
<testsuite hostname="Mohasin" failures="0" tests="1" name="TestNGExecution.ActiTimeHardAssert" time="2.213" errors="0" timestamp="21 Mar 2024 15:32:45 GMT" skipped="0">
  <testcase classname="TestNGExecution.ActiTimeHardAssert" name="login" time="2.213"/>
</testsuite> <!-- TestNGExecution.ActiTimeHardAssert -->
