<?xml version="1.0" encoding="UTF-8"?>
<!-- Generated by org.testng.reporters.JUnitReportReporter -->
<testsuite hostname="Mohasin" failures="0" tests="1" name="TestNGExecution.ActiTimeHardAssert" time="3.231" errors="0" timestamp="10 Apr 2024 06:26:27 GMT" skipped="0">
  <testcase classname="TestNGExecution.ActiTimeHardAssert" name="login" time="3.231"/>
</testsuite> <!-- TestNGExecution.ActiTimeHardAssert -->
