<?xml version="1.0" encoding="UTF-8"?>
<!-- Generated by org.testng.reporters.JUnitReportReporter -->
<testsuite hostname="Mohasin" failures="0" tests="1" name="TestNGListeners.ValidLogin" time="10.523" errors="0" timestamp="21 Mar 2024 16:46:13 GMT" skipped="0">
  <testcase classname="TestNGListeners.ValidLogin" name="login" time="10.523"/>
</testsuite> <!-- TestNGListeners.ValidLogin -->
