<?xml version="1.0" encoding="UTF-8"?>
<!-- Generated by org.testng.reporters.JUnitReportReporter -->
<testsuite hostname="Mohasin" failures="0" tests="1" name="Test_Package.InvalidLoginTestCase" time="6.121" errors="0" timestamp="24 Mar 2024 04:59:05 GMT" skipped="0">
  <testcase classname="Test_Package.InvalidLoginTestCase" name="invalidLogin_TC" time="6.121"/>
</testsuite> <!-- Test_Package.InvalidLoginTestCase -->
