<?xml version="1.0" encoding="UTF-8"?>
<!-- Generated by org.testng.reporters.JUnitReportReporter -->
<testsuite hostname="Mohasin" failures="0" tests="1" name="Test_Package.CreateNewCustomerAndProject" time="13.983" errors="0" timestamp="24 Mar 2024 04:59:05 GMT" skipped="0">
  <testcase classname="Test_Package.CreateNewCustomerAndProject" name="createNewCustomerAndProject_TC" time="13.983"/>
</testsuite> <!-- Test_Package.CreateNewCustomerAndProject -->
