<?xml version="1.0" encoding="UTF-8"?>
<!-- Generated by org.testng.reporters.JUnitReportReporter -->
<testsuite hostname="Mohasin" failures="0" tests="1" name="Test_Package.CreateNewCustomerAndProject" time="14.337" errors="0" timestamp="09 Apr 2024 06:25:47 GMT" skipped="0">
  <testcase classname="Test_Package.CreateNewCustomerAndProject" name="createNewCustomerAndProject_TC" time="14.337"/>
</testsuite> <!-- Test_Package.CreateNewCustomerAndProject -->
