<?xml version="1.0" encoding="UTF-8"?>
<!-- Generated by org.testng.reporters.JUnitReportReporter -->
<testsuite hostname="Mohasin" failures="0" tests="1" name="cucumberOptions.TestNGRunner" time="0.098" errors="0" timestamp="2024-05-12T12:24:55 IST" skipped="0">
  <testcase classname="cucumberOptions.TestNGRunner" name="runScenario" time="0.098"/>
</testsuite> <!-- cucumberOptions.TestNGRunner -->
