<?xml version="1.0" encoding="UTF-8"?>
<!-- Generated by org.testng.reporters.JUnitReportReporter -->
<testsuite hostname="Mohasin" failures="0" tests="2" name="cucumberOptions.TestNGRunner" time="0.111" errors="0" timestamp="2024-05-12T12:46:53 IST" skipped="0">
  <testcase classname="cucumberOptions.TestNGRunner" name="runScenario" time="0.100"/>
  <testcase classname="cucumberOptions.TestNGRunner" name="runScenario" time="0.011"/>
</testsuite> <!-- cucumberOptions.TestNGRunner -->
