<?xml version="1.0" encoding="UTF-8"?>
<!-- Generated by org.testng.reporters.JUnitReportReporter -->
<testsuite hostname="Mohasin" failures="0" tests="6" name="cucumberOptions.TestNGRunner" time="0.158" errors="0" timestamp="2024-05-12T13:52:24 IST" skipped="0">
  <testcase classname="cucumberOptions.TestNGRunner" name="runScenario" time="0.010"/>
  <testcase classname="cucumberOptions.TestNGRunner" name="runScenario" time="0.019"/>
  <testcase classname="cucumberOptions.TestNGRunner" name="runScenario" time="0.106"/>
  <testcase classname="cucumberOptions.TestNGRunner" name="runScenario" time="0.011"/>
  <testcase classname="cucumberOptions.TestNGRunner" name="runScenario" time="0.006"/>
  <testcase classname="cucumberOptions.TestNGRunner" name="runScenario" time="0.006"/>
</testsuite> <!-- cucumberOptions.TestNGRunner -->
